hasBeen/app/manifest-merger-arm-release-report.txt
-- Merging decision tree log ---
manifest
ADDED from AndroidManifest.xml:2:1
	package
		ADDED from AndroidManifest.xml:3:5
		INJECTED from AndroidManifest.xml:0:0
		INJECTED from AndroidManifest.xml:0:0
	android:versionName
		INJECTED from AndroidManifest.xml:0:0
		INJECTED from AndroidManifest.xml:0:0
	xmlns:android
		ADDED from AndroidManifest.xml:2:11
	android:versionCode
		INJECTED from AndroidManifest.xml:0:0
		INJECTED from AndroidManifest.xml:0:0
uses-permission#android.permission.INTERNET
ADDED from AndroidManifest.xml:4:5
MERGED from com.crashlytics.sdk.android:crashlytics:2.2.2:9:5
	android:name
		ADDED from AndroidManifest.xml:4:22
uses-permission#android.permission.WRITE_EXTERNAL_STORAGE
ADDED from AndroidManifest.xml:5:5
	android:name
		ADDED from AndroidManifest.xml:5:22
uses-permission#android.permission.ACCESS_NETWORK_STATE
ADDED from AndroidManifest.xml:6:5
	android:name
		ADDED from AndroidManifest.xml:6:22
uses-permission#android.permission.ACCESS_COARSE_LOCATION
ADDED from AndroidManifest.xml:7:5
	android:name
		ADDED from AndroidManifest.xml:7:22
uses-permission#android.permission.ACCESS_FINE_LOCATION
ADDED from AndroidManifest.xml:8:5
	android:name
		ADDED from AndroidManifest.xml:8:22
uses-permission#android.permission.CLEAR_APP_CACHE
ADDED from AndroidManifest.xml:9:5
	android:name
		ADDED from AndroidManifest.xml:9:22
permission#co.hasBeen.permission.C2D_MESSAGE
ADDED from AndroidManifest.xml:10:5
	android:protectionLevel
		ADDED from AndroidManifest.xml:10:66
	android:name
		ADDED from AndroidManifest.xml:10:17
uses-permission#co.haBeen.permission.C2D_MESSAGE
ADDED from AndroidManifest.xml:11:5
	android:name
		ADDED from AndroidManifest.xml:11:22
uses-permission#com.google.android.c2dm.permission.RECEIVE
ADDED from AndroidManifest.xml:12:5
	android:name
		ADDED from AndroidManifest.xml:12:22
uses-permission#android.permission.GET_ACCOUNTS
ADDED from AndroidManifest.xml:13:5
	android:name
		ADDED from AndroidManifest.xml:13:22
uses-permission#android.permission.WAKE_LOCK
ADDED from AndroidManifest.xml:14:5
	android:name
		ADDED from AndroidManifest.xml:14:22
application
ADDED from AndroidManifest.xml:16:5
MERGED from com.android.support:appcompat-v7:22.0.0:22:5
MERGED from com.android.support:support-v4:22.0.0:22:5
MERGED from com.google.maps.android:android-maps-utils:0.3.4:7:5
MERGED from com.google.android.gms:play-services:6.5.87:20:5
MERGED from com.android.support:support-v4:22.0.0:22:5
MERGED from hasBeen:pullToRefresh:unspecified:9:5
MERGED from com.facebook.android:facebook-android-sdk:3.22.0:24:5
MERGED from com.android.support:support-v4:22.0.0:22:5
MERGED from it.sephiroth.android.library.horizontallistview:hlistview:1.3.1:11:5
MERGED from com.android.support:support-v4:22.0.0:22:5
MERGED from com.github.chrisbanes.photoview:library:1.2.3:4:5
MERGED from com.android.support:support-v4:22.0.0:22:5
MERGED from com.crashlytics.sdk.android:crashlytics:2.2.2:11:5
MERGED from com.crashlytics.sdk.android:answers:1.1.2:9:5
MERGED from io.fabric.sdk.android:fabric:1.2.0:9:5
MERGED from io.fabric.sdk.android:fabric:1.2.0:9:5
MERGED from com.crashlytics.sdk.android:beta:1.1.2:9:5
MERGED from io.fabric.sdk.android:fabric:1.2.0:9:5
	android:label
		ADDED from AndroidManifest.xml:20:9
	android:hardwareAccelerated
		ADDED from com.github.chrisbanes.photoview:library:1.2.3:4:45
	android:allowBackup
		ADDED from AndroidManifest.xml:17:9
	android:icon
		ADDED from AndroidManifest.xml:19:9
	android:largeHeap
		ADDED from AndroidManifest.xml:21:9
	android:theme
		ADDED from AndroidManifest.xml:22:9
	android:name
		ADDED from AndroidManifest.xml:18:9
activity#co.hasBeen.main.MainActivity
ADDED from AndroidManifest.xml:24:9
	android:screenOrientation
		ADDED from AndroidManifest.xml:26:13
	android:theme
		ADDED from AndroidManifest.xml:27:13
	android:name
		ADDED from AndroidManifest.xml:25:13
activity#co.hasBeen.map.MapActivity
ADDED from AndroidManifest.xml:29:9
	android:screenOrientation
		ADDED from AndroidManifest.xml:30:13
	android:theme
		ADDED from AndroidManifest.xml:30:50
	android:name
		ADDED from AndroidManifest.xml:29:19
activity#co.hasBeen.gallery.GalleryPhotoView
ADDED from AndroidManifest.xml:31:9
	android:screenOrientation
		ADDED from AndroidManifest.xml:32:13
	android:label
		ADDED from AndroidManifest.xml:32:85
	android:theme
		ADDED from AndroidManifest.xml:32:50
	android:name
		ADDED from AndroidManifest.xml:31:19
activity#co.hasBeen.gallery.GalleryPhotoEdit
ADDED from AndroidManifest.xml:33:9
	android:screenOrientation
		ADDED from AndroidManifest.xml:34:13
	android:label
		ADDED from AndroidManifest.xml:34:85
	android:windowSoftInputMode
		ADDED from AndroidManifest.xml:34:118
	android:theme
		ADDED from AndroidManifest.xml:34:50
	android:name
		ADDED from AndroidManifest.xml:33:19
activity#co.hasBeen.gallery.GalleryShare
ADDED from AndroidManifest.xml:35:9
	android:screenOrientation
		ADDED from AndroidManifest.xml:36:13
	android:theme
		ADDED from AndroidManifest.xml:36:50
	android:name
		ADDED from AndroidManifest.xml:35:19
activity#co.hasBeen.gallery.GallerySelectTripView
ADDED from AndroidManifest.xml:37:9
	android:screenOrientation
		ADDED from AndroidManifest.xml:38:13
	android:theme
		ADDED from AndroidManifest.xml:38:50
	android:name
		ADDED from AndroidManifest.xml:37:19
activity#co.hasBeen.gallery.GalleryUpload
ADDED from AndroidManifest.xml:39:9
	android:screenOrientation
		ADDED from AndroidManifest.xml:40:13
	android:windowSoftInputMode
		ADDED from AndroidManifest.xml:41:19
	android:theme
		ADDED from AndroidManifest.xml:40:50
	android:name
		ADDED from AndroidManifest.xml:39:19
activity#co.hasBeen.gallery.GalleryPlace
ADDED from AndroidManifest.xml:42:9
	android:screenOrientation
		ADDED from AndroidManifest.xml:43:13
	android:theme
		ADDED from AndroidManifest.xml:43:50
	android:name
		ADDED from AndroidManifest.xml:42:19
activity#co.hasBeen.account.LoginActivity
ADDED from AndroidManifest.xml:44:9
	android:screenOrientation
		ADDED from AndroidManifest.xml:45:13
	android:windowSoftInputMode
		ADDED from AndroidManifest.xml:45:85
	android:theme
		ADDED from AndroidManifest.xml:45:50
	android:name
		ADDED from AndroidManifest.xml:44:19
intent-filter#android.intent.action.MAIN+android.intent.category.LAUNCHER
ADDED from AndroidManifest.xml:46:13
action#android.intent.action.MAIN
ADDED from AndroidManifest.xml:47:17
	android:name
		ADDED from AndroidManifest.xml:47:25
category#android.intent.category.LAUNCHER
ADDED from AndroidManifest.xml:49:17
	android:name
		ADDED from AndroidManifest.xml:49:27
activity#co.hasBeen.setting.License
ADDED from AndroidManifest.xml:52:9
	android:screenOrientation
		ADDED from AndroidManifest.xml:53:13
	android:theme
		ADDED from AndroidManifest.xml:53:50
	android:name
		ADDED from AndroidManifest.xml:52:19
activity#co.hasBeen.setting.AbouthasBeen
ADDED from AndroidManifest.xml:54:9
	android:screenOrientation
		ADDED from AndroidManifest.xml:55:13
	android:theme
		ADDED from AndroidManifest.xml:55:50
	android:name
		ADDED from AndroidManifest.xml:54:19
activity#co.hasBeen.setting.SettingView
ADDED from AndroidManifest.xml:56:9
	android:screenOrientation
		ADDED from AndroidManifest.xml:56:19
	android:theme
		ADDED from AndroidManifest.xml:56:103
	android:name
		ADDED from AndroidManifest.xml:56:56
activity#co.hasBeen.setting.SettingAccount
ADDED from AndroidManifest.xml:57:9
	android:screenOrientation
		ADDED from AndroidManifest.xml:57:19
	android:theme
		ADDED from AndroidManifest.xml:57:106
	android:name
		ADDED from AndroidManifest.xml:57:56
activity#co.hasBeen.setting.ChangePassword
ADDED from AndroidManifest.xml:58:9
	android:screenOrientation
		ADDED from AndroidManifest.xml:58:19
	android:theme
		ADDED from AndroidManifest.xml:58:106
	android:name
		ADDED from AndroidManifest.xml:58:56
activity#co.hasBeen.setting.Version
ADDED from AndroidManifest.xml:59:9
	android:screenOrientation
		ADDED from AndroidManifest.xml:59:19
	android:theme
		ADDED from AndroidManifest.xml:59:99
	android:name
		ADDED from AndroidManifest.xml:59:56
activity#co.hasBeen.account.SignUpActivity
ADDED from AndroidManifest.xml:60:9
	android:screenOrientation
		ADDED from AndroidManifest.xml:60:19
	android:windowSoftInputMode
		ADDED from AndroidManifest.xml:60:141
	android:theme
		ADDED from AndroidManifest.xml:60:106
	android:name
		ADDED from AndroidManifest.xml:60:56
activity#co.hasBeen.account.ForgotPassword
ADDED from AndroidManifest.xml:61:9
	android:screenOrientation
		ADDED from AndroidManifest.xml:61:19
	android:windowSoftInputMode
		ADDED from AndroidManifest.xml:61:137
	android:theme
		ADDED from AndroidManifest.xml:61:106
	android:name
		ADDED from AndroidManifest.xml:61:56
activity#co.hasBeen.day.DayView
ADDED from AndroidManifest.xml:62:9
	android:screenOrientation
		ADDED from AndroidManifest.xml:62:19
	android:label
		ADDED from AndroidManifest.xml:62:125
	android:windowSoftInputMode
		ADDED from AndroidManifest.xml:62:158
	android:theme
		ADDED from AndroidManifest.xml:62:94
	android:name
		ADDED from AndroidManifest.xml:62:56
activity#co.hasBeen.gallery.GalleryDayView
ADDED from AndroidManifest.xml:63:9
	android:screenOrientation
		ADDED from AndroidManifest.xml:63:19
	android:label
		ADDED from AndroidManifest.xml:63:136
	android:windowSoftInputMode
		ADDED from AndroidManifest.xml:63:169
	android:theme
		ADDED from AndroidManifest.xml:63:105
	android:name
		ADDED from AndroidManifest.xml:63:56
activity#co.hasBeen.day.DayChangePlace
ADDED from AndroidManifest.xml:64:9
	android:screenOrientation
		ADDED from AndroidManifest.xml:64:19
	android:label
		ADDED from AndroidManifest.xml:64:132
	android:theme
		ADDED from AndroidManifest.xml:64:101
	android:name
		ADDED from AndroidManifest.xml:64:56
activity#co.hasBeen.comment.CommentView
ADDED from AndroidManifest.xml:65:9
	android:screenOrientation
		ADDED from AndroidManifest.xml:65:19
	android:label
		ADDED from AndroidManifest.xml:65:133
	android:theme
		ADDED from AndroidManifest.xml:65:102
	android:name
		ADDED from AndroidManifest.xml:65:56
activity#co.hasBeen.photo.PhotoActivity
ADDED from AndroidManifest.xml:66:9
	android:screenOrientation
		ADDED from AndroidManifest.xml:66:19
	android:label
		ADDED from AndroidManifest.xml:66:133
	android:theme
		ADDED from AndroidManifest.xml:66:102
	android:name
		ADDED from AndroidManifest.xml:66:56
activity#co.hasBeen.social.LinkActivity
ADDED from AndroidManifest.xml:68:9
	android:screenOrientation
		ADDED from AndroidManifest.xml:68:19
	android:label
		ADDED from AndroidManifest.xml:68:133
	android:theme
		ADDED from AndroidManifest.xml:68:102
	android:name
		ADDED from AndroidManifest.xml:68:56
intent-filter#android.intent.action.VIEW+android.intent.category.BROWSABLE+android.intent.category.DEFAULT
ADDED from AndroidManifest.xml:69:13
action#android.intent.action.VIEW
ADDED from AndroidManifest.xml:70:17
	android:name
		ADDED from AndroidManifest.xml:70:25
category#android.intent.category.DEFAULT
ADDED from AndroidManifest.xml:71:17
	android:name
		ADDED from AndroidManifest.xml:71:27
category#android.intent.category.BROWSABLE
ADDED from AndroidManifest.xml:72:17
	android:name
		ADDED from AndroidManifest.xml:72:27
data
ADDED from AndroidManifest.xml:73:17
	android:host
		ADDED from AndroidManifest.xml:73:23
	android:scheme
		ADDED from AndroidManifest.xml:73:53
activity#co.hasBeen.profile.follow.FollowView
ADDED from AndroidManifest.xml:77:9
	android:screenOrientation
		ADDED from AndroidManifest.xml:77:19
	android:label
		ADDED from AndroidManifest.xml:77:139
	android:theme
		ADDED from AndroidManifest.xml:77:108
	android:name
		ADDED from AndroidManifest.xml:77:56
activity#co.hasBeen.social.FbFriendsView
ADDED from AndroidManifest.xml:78:9
	android:screenOrientation
		ADDED from AndroidManifest.xml:78:19
	android:label
		ADDED from AndroidManifest.xml:78:134
	android:theme
		ADDED from AndroidManifest.xml:78:103
	android:name
		ADDED from AndroidManifest.xml:78:56
activity#co.hasBeen.profile.ProfileView
ADDED from AndroidManifest.xml:79:9
	android:screenOrientation
		ADDED from AndroidManifest.xml:79:19
	android:label
		ADDED from AndroidManifest.xml:79:133
	android:theme
		ADDED from AndroidManifest.xml:79:102
	android:name
		ADDED from AndroidManifest.xml:79:56
activity#co.hasBeen.profile.map.ProfileMap
ADDED from AndroidManifest.xml:80:9
	android:screenOrientation
		ADDED from AndroidManifest.xml:80:19
	android:label
		ADDED from AndroidManifest.xml:80:136
	android:theme
		ADDED from AndroidManifest.xml:80:105
	android:name
		ADDED from AndroidManifest.xml:80:56
activity#co.hasBeen.search.SearchDetailView
ADDED from AndroidManifest.xml:81:9
	android:screenOrientation
		ADDED from AndroidManifest.xml:81:19
	android:windowSoftInputMode
		ADDED from AndroidManifest.xml:81:142
	android:theme
		ADDED from AndroidManifest.xml:81:107
	android:name
		ADDED from AndroidManifest.xml:81:56
meta-data#com.facebook.sdk.ApplicationId
ADDED from AndroidManifest.xml:82:9
	android:value
		ADDED from AndroidManifest.xml:82:68
	android:name
		ADDED from AndroidManifest.xml:82:20
activity#com.facebook.LoginActivity
ADDED from AndroidManifest.xml:83:9
	android:screenOrientation
		ADDED from AndroidManifest.xml:83:19
	android:windowSoftInputMode
		ADDED from AndroidManifest.xml:83:98
	android:name
		ADDED from AndroidManifest.xml:83:56
meta-data#com.google.android.gms.version
ADDED from AndroidManifest.xml:84:9
MERGED from com.google.android.gms:play-services:6.5.87:21:9
	android:value
		ADDED from AndroidManifest.xml:84:66
	android:name
		ADDED from AndroidManifest.xml:84:20
meta-data#com.google.android.maps.v2.API_KEY
ADDED from AndroidManifest.xml:85:9
	android:value
		ADDED from AndroidManifest.xml:85:70
	android:name
		ADDED from AndroidManifest.xml:85:20
receiver#co.hasBeen.broadcast.GcmBroadcastReceiver
ADDED from AndroidManifest.xml:86:9
	android:permission
		ADDED from AndroidManifest.xml:88:13
	android:name
		ADDED from AndroidManifest.xml:87:13
intent-filter#co.hasBeen+com.google.android.c2dm.intent.RECEIVE+com.google.android.c2dm.intent.REGISTRATION
ADDED from AndroidManifest.xml:89:13
action#com.google.android.c2dm.intent.RECEIVE
ADDED from AndroidManifest.xml:90:17
	android:name
		ADDED from AndroidManifest.xml:90:25
action#com.google.android.c2dm.intent.REGISTRATION
ADDED from AndroidManifest.xml:91:17
	android:name
		ADDED from AndroidManifest.xml:91:25
category#co.hasBeen
ADDED from AndroidManifest.xml:92:17
	android:name
		ADDED from AndroidManifest.xml:92:27
receiver#co.hasBeen.broadcast.NewPhotoReceiver
ADDED from AndroidManifest.xml:95:9
	android:name
		ADDED from AndroidManifest.xml:95:19
intent-filter#com.android.camera.NEW_PICTURE
ADDED from AndroidManifest.xml:96:13
action#com.android.camera.NEW_PICTURE
ADDED from AndroidManifest.xml:97:17
	android:name
		ADDED from AndroidManifest.xml:97:25
service#co.hasBeen.broadcast.GcmIntentService
ADDED from AndroidManifest.xml:102:9
	android:name
		ADDED from AndroidManifest.xml:102:18
meta-data#io.fabric.ApiKey
ADDED from AndroidManifest.xml:103:9
	android:value
		ADDED from AndroidManifest.xml:105:13
	android:name
		ADDED from AndroidManifest.xml:104:13
meta-data#LOCALYTICS_APP_KEY
ADDED from AndroidManifest.xml:106:9
	android:value
		ADDED from AndroidManifest.xml:106:54
	android:name
		ADDED from AndroidManifest.xml:106:20
receiver#com.localytics.android.ReferralReceiver
ADDED from AndroidManifest.xml:107:9
	android:exported
		ADDED from AndroidManifest.xml:107:74
	android:name
		ADDED from AndroidManifest.xml:107:19
intent-filter#com.android.vending.INSTALL_REFERRER
ADDED from AndroidManifest.xml:108:13
action#com.android.vending.INSTALL_REFERRER
ADDED from AndroidManifest.xml:109:17
	android:name
		ADDED from AndroidManifest.xml:109:25
uses-sdk
INJECTED from AndroidManifest.xml:0:0 reason: use-sdk injection requested
MERGED from com.android.support:multidex:1.0.0:18:5
MERGED from com.android.support:appcompat-v7:22.0.0:20:5
MERGED from com.android.support:support-v4:22.0.0:20:5
MERGED from com.google.maps.android:android-maps-utils:0.3.4:5:5
MERGED from com.google.android.gms:play-services:6.5.87:18:5
MERGED from com.android.support:support-v4:22.0.0:20:5
MERGED from hasBeen:pullToRefresh:unspecified:7:5
MERGED from com.facebook.android:facebook-android-sdk:3.22.0:20:5
MERGED from com.android.support:support-v4:22.0.0:20:5
MERGED from it.sephiroth.android.library.horizontallistview:hlistview:1.3.1:7:5
MERGED from com.android.support:support-v4:22.0.0:20:5
MERGED from com.android.support:multidex:1.0.0:18:5
MERGED from com.github.chrisbanes.photoview:library:1.2.3:2:5
MERGED from com.android.support:support-v4:22.0.0:20:5
MERGED from com.crashlytics.sdk.android:crashlytics:2.2.2:7:5
MERGED from com.crashlytics.sdk.android:answers:1.1.2:7:5
MERGED from io.fabric.sdk.android:fabric:1.2.0:7:5
MERGED from io.fabric.sdk.android:fabric:1.2.0:7:5
MERGED from com.crashlytics.sdk.android:beta:1.1.2:7:5
MERGED from io.fabric.sdk.android:fabric:1.2.0:7:5
	android:targetSdkVersion
		INJECTED from AndroidManifest.xml:0:0
		INJECTED from AndroidManifest.xml:0:0
	android:minSdkVersion
		INJECTED from AndroidManifest.xml:0:0
		INJECTED from AndroidManifest.xml:0:0